TN:
SF:src\app.ts
FN:9,main
FNF:1
FNH:1
FNDA:1,main
DA:1,1
DA:2,1
DA:3,1
DA:4,1
DA:5,1
DA:6,1
DA:7,1
DA:8,1
DA:9,1
DA:10,1
DA:11,1
DA:12,1
DA:13,1
DA:14,1
DA:15,1
DA:16,1
LF:16
LH:16
BRDA:5,0,0,1
BRDA:9,1,0,1
BRF:2
BRH:2
end_of_record
TN:
SF:src\config\envs.ts
FNF:0
FNH:0
DA:1,1
DA:2,1
DA:3,1
DA:4,1
DA:5,1
DA:6,1
DA:7,1
DA:8,1
LF:8
LH:8
BRF:0
BRH:0
end_of_record
TN:
SF:src\data\postgres\index.ts
FNF:0
FNH:0
DA:1,1
DA:2,1
DA:3,1
DA:4,1
LF:4
LH:4
BRF:0
BRH:0
end_of_record
TN:
SF:src\domain\index.ts
FNF:0
FNH:0
DA:1,1
DA:2,1
DA:3,1
DA:4,1
DA:5,1
DA:6,1
DA:7,1
DA:8,1
DA:9,1
DA:10,1
DA:11,1
DA:12,1
LF:12
LH:12
BRF:0
BRH:0
end_of_record
TN:
SF:src\domain\datasources\todo.datasource.ts
FNF:0
FNH:0
DA:1,1
DA:2,1
DA:3,1
DA:4,1
DA:5,1
DA:6,1
DA:7,1
DA:8,1
DA:9,1
DA:10,1
DA:11,1
DA:12,1
LF:12
LH:12
BRF:0
BRH:0
end_of_record
TN:
SF:src\domain\dtos\todos\update-todo.dto.ts
FN:4,UpdateTodoDto
FN:10,get values
FN:19,create
FNF:3
FNH:3
FNDA:3,UpdateTodoDto
FNDA:2,get values
FNDA:3,create
DA:1,1
DA:2,1
DA:3,1
DA:4,1
DA:5,3
DA:6,3
DA:7,3
DA:8,3
DA:9,1
DA:10,1
DA:11,2
DA:12,2
DA:13,2
DA:14,2
DA:15,2
DA:16,2
DA:17,2
DA:18,1
DA:19,1
DA:20,3
DA:21,3
DA:22,3
DA:23,3
DA:24,3
DA:25,0
DA:26,0
DA:27,3
DA:28,3
DA:29,3
DA:30,3
DA:31,0
DA:32,0
DA:33,3
DA:34,3
DA:35,3
DA:36,3
DA:37,1
DA:38,1
LF:38
LH:34
BRDA:4,0,0,3
BRDA:10,1,0,2
BRDA:13,2,0,1
BRDA:19,3,0,3
BRDA:24,4,0,0
BRDA:30,5,0,0
BRF:6
BRH:4
end_of_record
TN:
SF:src\domain\entities\todo.entity.ts
FN:4,TodoEntity
FN:10,get isCompleted
FN:14,fromObject
FNF:3
FNH:2
FNDA:9,TodoEntity
FNDA:0,get isCompleted
FNDA:10,fromObject
DA:1,1
DA:2,1
DA:3,1
DA:4,1
DA:5,9
DA:6,9
DA:7,9
DA:8,9
DA:9,1
DA:10,1
DA:11,0
DA:12,0
DA:13,1
DA:14,1
DA:15,10
DA:16,10
DA:17,10
DA:18,10
DA:19,9
DA:20,9
DA:21,10
DA:22,2
DA:23,2
DA:24,0
DA:25,0
DA:26,2
DA:27,9
DA:28,9
DA:29,9
DA:30,1
LF:30
LH:26
BRDA:4,0,0,9
BRDA:14,1,0,10
BRDA:17,2,0,1
BRDA:18,3,0,9
BRDA:18,4,0,0
BRDA:19,5,0,9
BRDA:21,6,0,2
BRDA:23,7,0,0
BRDA:27,8,0,9
BRF:9
BRH:7
end_of_record
TN:
SF:src\domain\repositories\todo.repository.ts
FNF:0
FNH:0
DA:1,1
DA:2,1
DA:3,1
DA:4,1
DA:5,1
DA:6,1
DA:7,1
DA:8,1
DA:9,1
DA:10,1
DA:11,1
DA:12,1
LF:12
LH:12
BRF:0
BRH:0
end_of_record
TN:
SF:src\domain\use-cases\todo\create-todo.ts
FN:11,CreateTodo
FN:15,execute
FNF:2
FNH:2
FNDA:1,CreateTodo
FNDA:1,execute
DA:1,1
DA:2,1
DA:3,1
DA:4,1
DA:5,1
DA:6,1
DA:7,1
DA:8,1
DA:9,1
DA:10,1
DA:11,1
DA:12,1
DA:13,1
DA:14,1
DA:15,1
DA:16,1
DA:17,1
DA:18,1
LF:18
LH:18
BRDA:11,0,0,1
BRDA:15,1,0,1
BRF:2
BRH:2
end_of_record
TN:
SF:src\domain\use-cases\todo\delete-todo.ts
FN:10,DeleteTodo
FN:14,execute
FNF:2
FNH:2
FNDA:1,DeleteTodo
FNDA:1,execute
DA:1,1
DA:2,1
DA:3,1
DA:4,1
DA:5,1
DA:6,1
DA:7,1
DA:8,1
DA:9,1
DA:10,1
DA:11,1
DA:12,1
DA:13,1
DA:14,1
DA:15,1
DA:16,1
DA:17,1
DA:18,1
LF:18
LH:18
BRDA:10,0,0,1
BRDA:14,1,0,1
BRF:2
BRH:2
end_of_record
TN:
SF:src\domain\use-cases\todo\get-todo.ts
FN:12,GetTodo
FN:16,execute
FNF:2
FNH:2
FNDA:2,GetTodo
FNDA:2,execute
DA:1,1
DA:2,1
DA:3,1
DA:4,1
DA:5,1
DA:6,1
DA:7,1
DA:8,1
DA:9,1
DA:10,1
DA:11,1
DA:12,1
DA:13,2
DA:14,2
DA:15,1
DA:16,1
DA:17,2
DA:18,2
DA:19,1
DA:20,1
LF:20
LH:20
BRDA:12,0,0,2
BRDA:16,1,0,2
BRF:2
BRH:2
end_of_record
TN:
SF:src\domain\use-cases\todo\get-todos.ts
FN:9,GetTodos
FN:13,execute
FNF:2
FNH:2
FNDA:1,GetTodos
FNDA:1,execute
DA:1,1
DA:2,1
DA:3,1
DA:4,1
DA:5,1
DA:6,1
DA:7,1
DA:8,1
DA:9,1
DA:10,1
DA:11,1
DA:12,1
DA:13,1
DA:14,1
DA:15,1
DA:16,1
DA:17,1
LF:17
LH:17
BRDA:9,0,0,1
BRDA:13,1,0,1
BRF:2
BRH:2
end_of_record
TN:
SF:src\domain\use-cases\todo\update-todo.ts
FN:13,UpdateTodo
FN:16,execute
FNF:2
FNH:2
FNDA:3,UpdateTodo
FNDA:3,execute
DA:1,1
DA:2,1
DA:3,1
DA:4,1
DA:5,1
DA:6,1
DA:7,1
DA:8,1
DA:9,1
DA:10,1
DA:11,1
DA:12,1
DA:13,1
DA:14,3
DA:15,3
DA:16,1
DA:17,3
DA:18,3
DA:19,1
DA:20,1
LF:20
LH:20
BRDA:13,0,0,3
BRDA:16,1,0,3
BRF:2
BRH:2
end_of_record
TN:
SF:src\infrastructure\datasource\todo.datasource.impl.ts
FN:7,create
FN:15,getAll
FN:21,getById
FN:30,update
FN:41,delete
FNF:5
FNH:5
FNDA:1,create
FNDA:1,getAll
FNDA:6,getById
FNDA:3,update
FNDA:1,delete
DA:1,1
DA:2,1
DA:3,1
DA:4,1
DA:5,1
DA:6,1
DA:7,1
DA:8,1
DA:9,1
DA:10,1
DA:11,1
DA:12,1
DA:13,1
DA:14,1
DA:15,1
DA:16,1
DA:17,1
DA:18,1
DA:19,1
DA:20,1
DA:21,1
DA:22,6
DA:23,6
DA:24,6
DA:25,6
DA:26,6
DA:27,4
DA:28,4
DA:29,1
DA:30,1
DA:31,3
DA:32,2
DA:33,2
DA:34,2
DA:35,2
DA:36,2
DA:37,2
DA:38,2
DA:39,2
DA:40,1
DA:41,1
DA:42,1
DA:43,1
DA:44,1
DA:45,1
DA:46,1
DA:47,1
DA:48,1
DA:49,1
DA:50,1
DA:51,1
LF:51
LH:51
BRDA:7,0,0,1
BRDA:15,1,0,1
BRDA:18,2,0,2
BRDA:21,3,0,6
BRDA:26,4,0,2
BRDA:27,5,0,4
BRDA:30,6,0,3
BRDA:32,7,0,2
BRDA:41,8,0,1
BRF:9
BRH:9
end_of_record
TN:
SF:src\infrastructure\repositories\todo.repository.impl.ts
FN:6,TodoRepositoryImpl
FN:10,create
FN:14,getAll
FN:18,getById
FN:22,update
FN:26,delete
FNF:6
FNH:6
FNDA:2,TodoRepositoryImpl
FNDA:1,create
FNDA:1,getAll
FNDA:2,getById
FNDA:3,update
FNDA:1,delete
DA:1,1
DA:2,1
DA:3,1
DA:4,1
DA:5,1
DA:6,1
DA:7,2
DA:8,2
DA:9,1
DA:10,1
DA:11,1
DA:12,1
DA:13,1
DA:14,1
DA:15,1
DA:16,1
DA:17,1
DA:18,1
DA:19,2
DA:20,2
DA:21,1
DA:22,1
DA:23,3
DA:24,3
DA:25,1
DA:26,1
DA:27,1
DA:28,1
DA:29,1
DA:30,1
LF:30
LH:30
BRDA:6,0,0,2
BRDA:10,1,0,1
BRDA:14,2,0,1
BRDA:18,3,0,2
BRDA:22,4,0,3
BRDA:26,5,0,1
BRF:6
BRH:6
end_of_record
TN:
SF:src\presentation\server.ts
FN:18,Server
FN:26,start
FN:48,close
FNF:3
FNH:3
FNDA:1,Server
FNDA:1,start
FNDA:1,close
DA:1,1
DA:2,1
DA:3,1
DA:4,1
DA:5,1
DA:6,1
DA:7,1
DA:8,1
DA:9,1
DA:10,1
DA:11,1
DA:12,1
DA:13,1
DA:14,1
DA:15,1
DA:16,1
DA:17,1
DA:18,1
DA:19,1
DA:20,1
DA:21,1
DA:22,1
DA:23,1
DA:24,1
DA:25,1
DA:26,1
DA:27,1
DA:28,1
DA:29,1
DA:30,1
DA:31,1
DA:32,1
DA:33,1
DA:34,1
DA:35,1
DA:36,1
DA:37,1
DA:38,1
DA:39,0
DA:40,0
DA:41,1
DA:42,1
DA:43,1
DA:44,1
DA:45,1
DA:46,1
DA:47,1
DA:48,1
DA:49,1
DA:50,1
DA:51,1
LF:51
LH:49
BRDA:18,0,0,1
BRDA:26,1,0,1
BRDA:43,2,0,1
BRDA:48,3,0,1
BRDA:49,4,0,0
BRF:5
BRH:4
end_of_record
TN:
SF:src\presentation\todos\controller.ts
FN:8,TodosController
FN:12,TodosController.getTodos
FN:19,TodosController.getTodoById
FN:28,TodosController.createTodo
FN:40,TodosController.upDateTodo
FN:51,TodosController.deleteTodo
FNF:6
FNH:6
FNDA:2,TodosController
FNDA:1,TodosController.getTodos
FNDA:2,TodosController.getTodoById
FNDA:3,TodosController.createTodo
FNDA:3,TodosController.upDateTodo
FNDA:1,TodosController.deleteTodo
DA:1,1
DA:2,1
DA:3,1
DA:4,1
DA:5,1
DA:6,1
DA:7,1
DA:8,1
DA:9,2
DA:10,2
DA:11,1
DA:12,1
DA:13,1
DA:14,1
DA:15,1
DA:16,1
DA:17,1
DA:18,1
DA:19,1
DA:20,2
DA:21,2
DA:22,2
DA:23,2
DA:24,2
DA:25,2
DA:26,2
DA:27,1
DA:28,1
DA:29,3
DA:30,3
DA:31,3
DA:32,1
DA:33,1
DA:34,1
DA:35,1
DA:36,1
DA:37,1
DA:38,1
DA:39,1
DA:40,1
DA:41,3
DA:42,3
DA:43,3
DA:44,3
DA:45,3
DA:46,3
DA:47,3
DA:48,3
DA:49,3
DA:50,1
DA:51,1
DA:52,1
DA:53,1
DA:54,1
DA:55,1
DA:56,1
DA:57,1
DA:58,1
DA:59,1
LF:59
LH:59
BRDA:8,0,0,2
BRDA:12,1,0,1
BRDA:15,2,0,1
BRDA:19,3,0,2
BRDA:24,4,0,1
BRDA:25,5,0,1
BRDA:28,6,0,3
BRDA:31,7,0,2
BRDA:32,8,0,1
BRDA:35,9,0,1
BRDA:40,10,0,3
BRDA:43,11,0,0
BRDA:47,12,0,2
BRDA:48,13,0,1
BRDA:51,14,0,1
BRDA:57,15,0,1
BRF:16
BRH:15
end_of_record
TN:
SF:src\presentation\todos\routes.ts
FN:8,get routes
FNF:1
FNH:1
FNDA:2,get routes
DA:1,1
DA:2,1
DA:3,1
DA:4,1
DA:5,1
DA:6,1
DA:7,1
DA:8,1
DA:9,2
DA:10,2
DA:11,2
DA:12,2
DA:13,2
DA:14,2
DA:15,2
DA:16,2
DA:17,2
DA:18,2
DA:19,2
DA:20,2
DA:21,2
DA:22,2
DA:23,2
DA:24,1
DA:25,1
LF:25
LH:25
BRDA:8,0,0,2
BRF:1
BRH:1
end_of_record
TN:
SF:test\test-server.ts
FNF:0
FNH:0
DA:1,1
DA:2,1
DA:3,1
DA:4,1
DA:5,1
DA:6,1
DA:7,1
DA:8,1
DA:9,1
DA:10,1
DA:11,1
LF:11
LH:11
BRF:0
BRH:0
end_of_record
